
{
	gl.supports_vertex_array_object: true
	cocos2d.x.version: Quick-Cocos2dx-Community 3.6.3 Release
	gl.vendor: NVIDIA Corporation
	gl.supports_PVRTC: false
	gl.renderer: NVIDIA GeForce GT 750M OpenGL Engine
	cocos2d.x.compiled_with_profiler: false
	gl.max_texture_size: 16384
	gl.supports_ETC1: false
	gl.supports_BGRA8888: false
	cocos2d.x.build_type: DEBUG
	gl.supports_discard_framebuffer: false
	gl.supports_NPOT: true
	gl.supports_S3TC: true
	gl.version: 2.1 NVIDIA-10.12.65 355.10.05.05b16
	gl.supports_ATITC: false
	gl.max_texture_units: 16
	cocos2d.x.compiled_with_gl_state_cache: true
}


Quick-Cocos2dx-Community C++ support ready.
------------------------------------------------
LOAD LUA FILE: /Users/zengbinsi/workspace/00_git/ECStudio_Lua/editor/edit/src/main.lua
------------------------------------------------
[LUA-print] ===========================================================
[LUA-print]               LOAD QUICK FRAMEWORK
[LUA-print] ===========================================================
[LUA-print] [INFO] 
[LUA-print] [INFO] # DEBUG                        = 2
[LUA-print] [INFO] #
[LUA-print] [INFO] # device.platform              = mac
[LUA-print] [INFO] # device.model                 = unknown
[LUA-print] [INFO] # device.language              = cn
[LUA-print] [INFO] # device.writablePath          = /Users/zengbinsi/workspace/00_git/ECStudio_Lua/editor/edit/
[LUA-print] [INFO] # device.directorySeparator    = /
[LUA-print] [INFO] # device.pathSeparator         = :
[LUA-print] [INFO] #
libpng warning: iCCP: known incorrect sRGB profile
[LUA-print] [INFO] # CONFIG_SCREEN_AUTOSCALE      = FIXED_HEIGHT
[LUA-print] [INFO] # CONFIG_SCREEN_WIDTH          = 960.00
[LUA-print] [INFO] # CONFIG_SCREEN_HEIGHT         = 640.00
[LUA-print] [INFO] # display.widthInPixels        = 960.00
[LUA-print] [INFO] # display.heightInPixels       = 640.00
[LUA-print] [INFO] # display.contentScaleFactor   = 1.00
[LUA-print] [INFO] # display.width                = 960.00
[LUA-print] [INFO] # display.height               = 640.00
[LUA-print] [INFO] # display.cx                   = 480.00
[LUA-print] [INFO] # display.cy                   = 320.00
[LUA-print] [INFO] # display.left                 = 0.00
[LUA-print] [INFO] # display.right                = 960.00
[LUA-print] [INFO] # display.top                  = 640.00
[LUA-print] [INFO] # display.bottom               = 0.00
[LUA-print] [INFO] # display.c_left               = -480.00
[LUA-print] [INFO] # display.c_right              = 480.00
[LUA-print] [INFO] # display.c_top                = 320.00
[LUA-print] [INFO] # display.c_bottom             = -320.00
[LUA-print] [INFO] #
[LUA-print] ====================================================
[LUA-print] ------------ LOAD ECStudio FRAMEWORK ---------------
[LUA-print] ====================================================
[LUA-print] ================================================
[LUA-print] ------------ ECStudio 模块引入结束 ---------------
[LUA-print] ================================================
2017-01-16 21:23:12.581 player3[87841:6081744] kCFURLVolumeNameKey missing for private/var/folders/ty/8vl91gl531s1_lqhwltn2m3m0000gn/T/.DDPreviewDisk/ -- file:///Applications/player3.app/Contents/Resources/: Error Domain=NSCocoaErrorDomain Code=260 "The file “.DDPreviewDisk” couldn’t be opened because there is no such file." UserInfo={NSURL=private/var/folders/ty/8vl91gl531s1_lqhwltn2m3m0000gn/T/.DDPreviewDisk/ -- file:///Applications/player3.app/Contents/Resources/, NSFilePath=/Applications/player3.app/Contents/Resources/private/var/folders/ty/8vl91gl531s1_lqhwltn2m3m0000gn/T/.DDPreviewDisk, NSUnderlyingError=0x61000005d850 {Error Domain=NSPOSIXErrorDomain Code=2 "No such file or directory"}}
2017-01-16 21:23:12.581 player3[87841:6081744] kCFURLVolumeIsAutomountedKey missing for private/var/folders/ty/8vl91gl531s1_lqhwltn2m3m0000gn/T/.DDPreviewDisk/ -- file:///Applications/player3.app/Contents/Resources/: Error Domain=NSCocoaErrorDomain Code=260 "The file “.DDPreviewDisk” couldn’t be opened because there is no such file." UserInfo={NSURL=private/var/folders/ty/8vl91gl531s1_lqhwltn2m3m0000gn/T/.DDPreviewDisk/ -- file:///Applications/player3.app/Contents/Resources/, NSFilePath=/Applications/player3.app/Contents/Resources/private/var/folders/ty/8vl91gl531s1_lqhwltn2m3m0000gn/T/.DDPreviewDisk, NSUnderlyingError=0x6000000524e0 {Error Domain=NSPOSIXErrorDomain Code=2 "No such file or directory"}}
2017-01-16 21:23:12.587 player3[87841:6081744] kCFURLVolumeNameKey missing for private/var/folders/ty/8vl91gl531s1_lqhwltn2m3m0000gn/T/.DDPreviewDisk/ -- file:///Applications/player3.app/Contents/Resources/: Error Domain=NSCocoaErrorDomain Code=260 "The file “.DDPreviewDisk” couldn’t be opened because there is no such file." UserInfo={NSURL=private/var/folders/ty/8vl91gl531s1_lqhwltn2m3m0000gn/T/.DDPreviewDisk/ -- file:///Applications/player3.app/Contents/Resources/, NSFilePath=/Applications/player3.app/Contents/Resources/private/var/folders/ty/8vl91gl531s1_lqhwltn2m3m0000gn/T/.DDPreviewDisk, NSUnderlyingError=0x618000055b40 {Error Domain=NSPOSIXErrorDomain Code=2 "No such file or directory"}}
2017-01-16 21:23:12.588 player3[87841:6081744] kCFURLVolumeIsAutomountedKey missing for private/var/folders/ty/8vl91gl531s1_lqhwltn2m3m0000gn/T/.DDPreviewDisk/ -- file:///Applications/player3.app/Contents/Resources/: Error Domain=NSCocoaErrorDomain Code=260 "The file “.DDPreviewDisk” couldn’t be opened because there is no such file." UserInfo={NSURL=private/var/folders/ty/8vl91gl531s1_lqhwltn2m3m0000gn/T/.DDPreviewDisk/ -- file:///Applications/player3.app/Contents/Resources/, NSFilePath=/Applications/player3.app/Contents/Resources/private/var/folders/ty/8vl91gl531s1_lqhwltn2m3m0000gn/T/.DDPreviewDisk, NSUnderlyingError=0x6180000555a0 {Error Domain=NSPOSIXErrorDomain Code=2 "No such file or directory"}}
2017-01-16 21:23:12.617 player3[87841:6081700] kCFURLVolumeNameKey missing for private/var/folders/ty/8vl91gl531s1_lqhwltn2m3m0000gn/T/.DDPreviewDisk/ -- file:///Applications/player3.app/Contents/Resources/: Error Domain=NSCocoaErrorDomain Code=260 "The file “.DDPreviewDisk” couldn’t be opened because there is no such file." UserInfo={NSURL=private/var/folders/ty/8vl91gl531s1_lqhwltn2m3m0000gn/T/.DDPreviewDisk/ -- file:///Applications/player3.app/Contents/Resources/, NSFilePath=/Applications/player3.app/Contents/Resources/private/var/folders/ty/8vl91gl531s1_lqhwltn2m3m0000gn/T/.DDPreviewDisk, NSUnderlyingError=0x608000252810 {Error Domain=NSPOSIXErrorDomain Code=2 "No such file or directory"}}
2017-01-16 21:23:12.617 player3[87841:6081700] kCFURLVolumeIsAutomountedKey missing for private/var/folders/ty/8vl91gl531s1_lqhwltn2m3m0000gn/T/.DDPreviewDisk/ -- file:///Applications/player3.app/Contents/Resources/: Error Domain=NSCocoaErrorDomain Code=260 "The file “.DDPreviewDisk” couldn’t be opened because there is no such file." UserInfo={NSURL=private/var/folders/ty/8vl91gl531s1_lqhwltn2m3m0000gn/T/.DDPreviewDisk/ -- file:///Applications/player3.app/Contents/Resources/, NSFilePath=/Applications/player3.app/Contents/Resources/private/var/folders/ty/8vl91gl531s1_lqhwltn2m3m0000gn/T/.DDPreviewDisk, NSUnderlyingError=0x608000252660 {Error Domain=NSPOSIXErrorDomain Code=2 "No such file or directory"}}
[LUA-print] projectLocation = 	/Users/zengbinsi/Desktop
